<?xml version="1.0" encoding="UTF-8"?>
<!-- Generated by org.testng.reporters.JUnitXMLReporter -->
<testsuite hostname="PATHARAJ1" ignored="0" name="Test" tests="3" failures="0" timestamp="02 Dec 2017 10:59:17 GMT" time="74.493" errors="0">
  <testcase name="selectStar" time="10.354" classname="com.wallethub.UIAutomation.WalletHubProfileUiAutomation.PostReviewComment.TCC01_ToVerifyFiveStarAreSelected"/>
  <testcase name="selectValueFromDropDown" time="6.664" classname="com.wallethub.UIAutomation.WalletHubProfileUiAutomation.PostReviewComment.TCC01_ToVerifyFiveStarAreSelected"/>
  <testcase name="verifyActaulandEcpectedReviewCommnets" time="18.657" classname="com.wallethub.UIAutomation.WalletHubProfileUiAutomation.PostReviewComment.TCC01_ToVerifyFiveStarAreSelected"/>
</testsuite> <!-- Test -->
