<?xml version="1.0" encoding="UTF-8"?>
<!-- Generated by org.testng.reporters.JUnitXMLReporter -->
<testsuite hostname="PATHARAJ1" ignored="0" name="Default test" tests="3" failures="0" timestamp="02 Dec 2017 10:50:13 GMT" time="75.625" errors="0">
  <testcase name="selectStar" time="13.21" classname="com.wallethub.UIAutomation.WalletHubProfileUiAutomation.PostReviewComment.TCC01_ToVerifyFiveStarAreSelected"/>
  <testcase name="selectValueFromDropDown" time="6.613" classname="com.wallethub.UIAutomation.WalletHubProfileUiAutomation.PostReviewComment.TCC01_ToVerifyFiveStarAreSelected"/>
  <testcase name="verifyActaulandEcpectedReviewCommnets" time="19.08" classname="com.wallethub.UIAutomation.WalletHubProfileUiAutomation.PostReviewComment.TCC01_ToVerifyFiveStarAreSelected"/>
</testsuite> <!-- Default test -->
